Using pre-set license
Built from '2021.3/staging' branch; Version is '2021.3.29f1 (204d6dc9ae1c) revision 2116973'; Using compiler version '192829333'; Build Type 'Release'
OS: 'Windows 11  (10.0.22621) 64bit Core' Language: 'en' Physical Memory: 32429 MB
BatchMode: 1, IsHumanControllingUs: 0, StartBugReporterOnCrash: 0, Is64bit: 1, IsPro: 1

COMMAND LINE ARGUMENTS:
C:\Program Files\Unity 2021.3.29f1\Editor\Unity.exe
-adb2
-batchMode
-noUpm
-name
AssetImportWorker4
-projectPath
C:/Users/ALIENWARE/OneDrive/Desktop/Desktop files/ANU sem 5/COMP3540/comp3540-2023-game-proposal/Game Protoype
-logFile
Logs/AssetImportWorker4.log
-srvPort
51786
Successfully changed project path to: C:/Users/ALIENWARE/OneDrive/Desktop/Desktop files/ANU sem 5/COMP3540/comp3540-2023-game-proposal/Game Protoype
C:/Users/ALIENWARE/OneDrive/Desktop/Desktop files/ANU sem 5/COMP3540/comp3540-2023-game-proposal/Game Protoype
[UnityMemory] Configuration Parameters - Can be set up in boot.config
    "memorysetup-bucket-allocator-granularity=16"
    "memorysetup-bucket-allocator-bucket-count=8"
    "memorysetup-bucket-allocator-block-size=33554432"
    "memorysetup-bucket-allocator-block-count=8"
    "memorysetup-main-allocator-block-size=16777216"
    "memorysetup-thread-allocator-block-size=16777216"
    "memorysetup-gfx-main-allocator-block-size=16777216"
    "memorysetup-gfx-thread-allocator-block-size=16777216"
    "memorysetup-cache-allocator-block-size=4194304"
    "memorysetup-typetree-allocator-block-size=2097152"
    "memorysetup-profiler-bucket-allocator-granularity=16"
    "memorysetup-profiler-bucket-allocator-bucket-count=8"
    "memorysetup-profiler-bucket-allocator-block-size=33554432"
    "memorysetup-profiler-bucket-allocator-block-count=8"
    "memorysetup-profiler-allocator-block-size=16777216"
    "memorysetup-profiler-editor-allocator-block-size=1048576"
    "memorysetup-temp-allocator-size-main=16777216"
    "memorysetup-job-temp-allocator-block-size=2097152"
    "memorysetup-job-temp-allocator-block-size-background=1048576"
    "memorysetup-job-temp-allocator-reduction-small-platforms=262144"
    "memorysetup-temp-allocator-size-background-worker=32768"
    "memorysetup-temp-allocator-size-job-worker=262144"
    "memorysetup-temp-allocator-size-preload-manager=33554432"
    "memorysetup-temp-allocator-size-nav-mesh-worker=65536"
    "memorysetup-temp-allocator-size-audio-worker=65536"
    "memorysetup-temp-allocator-size-cloud-worker=32768"
    "memorysetup-temp-allocator-size-gi-baking-worker=262144"
    "memorysetup-temp-allocator-size-gfx=262144"
Player connection [20152] Host "[IP] 192.168.80.1 [Port] 0 [Flags] 2 [Guid] 150276359 [EditorId] 150276359 [Version] 1048832 [Id] WindowsEditor(7,DESKTOP-342ELA6) [Debug] 1 [PackageName] WindowsEditor [ProjectName] Editor" joined multi-casting on [225.0.0.222:54997]...

Player connection [20152] Host "[IP] 192.168.80.1 [Port] 0 [Flags] 2 [Guid] 150276359 [EditorId] 150276359 [Version] 1048832 [Id] WindowsEditor(7,DESKTOP-342ELA6) [Debug] 1 [PackageName] WindowsEditor [ProjectName] Editor" joined alternative multi-casting on [225.0.0.222:34997]...

Refreshing native plugins compatible for Editor in 156.16 ms, found 4 plugins.
Preloading 0 native plugins for Editor in 0.00 ms.
Initialize engine version: 2021.3.29f1 (204d6dc9ae1c)
[Subsystems] Discovering subsystems at path C:/Program Files/Unity 2021.3.29f1/Editor/Data/Resources/UnitySubsystems
[Subsystems] Discovering subsystems at path C:/Users/ALIENWARE/OneDrive/Desktop/Desktop files/ANU sem 5/COMP3540/comp3540-2023-game-proposal/Game Protoype/Assets
GfxDevice: creating device client; threaded=0; jobified=0
Direct3D:
    Version:  Direct3D 11.0 [level 11.1]
    Renderer: NVIDIA GeForce RTX 3080 Laptop GPU (ID=0x24dc)
    Vendor:   NVIDIA
    VRAM:     8031 MB
    Driver:   31.0.15.3699
Initialize mono
Mono path[0] = 'C:/Program Files/Unity 2021.3.29f1/Editor/Data/Managed'
Mono path[1] = 'C:/Program Files/Unity 2021.3.29f1/Editor/Data/MonoBleedingEdge/lib/mono/unityjit-win32'
Mono config path = 'C:/Program Files/Unity 2021.3.29f1/Editor/Data/MonoBleedingEdge/etc'
Using monoOptions --debugger-agent=transport=dt_socket,embedding=1,server=y,suspend=n,address=127.0.0.1:56708
Begin MonoManager ReloadAssembly
Registering precompiled unity dll's ...
Register platform support module: C:/Program Files/Unity 2021.3.29f1/Editor/Data/PlaybackEngines/WindowsStandaloneSupport/UnityEditor.WindowsStandalone.Extensions.dll
Registered in 0.005715 seconds.
Native extension for WindowsStandalone target not found
Refreshing native plugins compatible for Editor in 119.44 ms, found 4 plugins.
Preloading 0 native plugins for Editor in 0.00 ms.
Mono: successfully reloaded assembly
- Completed reload, in  1.174 seconds
Domain Reload Profiling:
	ReloadAssembly (1175ms)
		BeginReloadAssembly (204ms)
			ExecutionOrderSort (0ms)
			DisableScriptedObjects (0ms)
			BackupInstance (0ms)
			ReleaseScriptingObjects (0ms)
			CreateAndSetChildDomain (2ms)
		EndReloadAssembly (780ms)
			LoadAssemblies (200ms)
			RebuildTransferFunctionScriptingTraits (0ms)
			SetupTypeCache (252ms)
			ReleaseScriptCaches (0ms)
			RebuildScriptCaches (42ms)
			SetupLoadedEditorAssemblies (395ms)
				LogAssemblyErrors (0ms)
				InitializePlatformSupportModulesInManaged (11ms)
				SetLoadedEditorAssemblies (0ms)
				RefreshPlugins (120ms)
				BeforeProcessingInitializeOnLoad (2ms)
				ProcessInitializeOnLoadAttributes (194ms)
				ProcessInitializeOnLoadMethodAttributes (68ms)
				AfterProcessingInitializeOnLoad (0ms)
				EditorAssembliesLoaded (0ms)
			ExecutionOrderSort2 (0ms)
			AwakeInstancesAfterBackupRestoration (0ms)
Platform modules already initialized, skipping
Registering precompiled user dll's ...
Registered in 0.008415 seconds.
Begin MonoManager ReloadAssembly
Symbol file LoadedFromMemory doesn't match image C:\Users\ALIENWARE\OneDrive\Desktop\Desktop files\ANU sem 5\COMP3540\comp3540-2023-game-proposal\Game Protoype\Library\PackageCache\com.unity.visualscripting@1.8.0\Editor\VisualScripting.Core\Dependencies\YamlDotNet\Unity.VisualScripting.YamlDotNet.dll
Symbol file LoadedFromMemory doesn't match image C:\Users\ALIENWARE\OneDrive\Desktop\Desktop files\ANU sem 5\COMP3540\comp3540-2023-game-proposal\Game Protoype\Library\PackageCache\com.unity.visualscripting@1.8.0\Editor\VisualScripting.Core\Dependencies\DotNetZip\Unity.VisualScripting.IonicZip.dll
Native extension for WindowsStandalone target not found
Refreshing native plugins compatible for Editor in 150.17 ms, found 4 plugins.
Preloading 0 native plugins for Editor in 0.00 ms.
Mono: successfully reloaded assembly
- Completed reload, in  1.494 seconds
Domain Reload Profiling:
	ReloadAssembly (1494ms)
		BeginReloadAssembly (139ms)
			ExecutionOrderSort (0ms)
			DisableScriptedObjects (7ms)
			BackupInstance (0ms)
			ReleaseScriptingObjects (0ms)
			CreateAndSetChildDomain (23ms)
		EndReloadAssembly (1231ms)
			LoadAssemblies (126ms)
			RebuildTransferFunctionScriptingTraits (0ms)
			SetupTypeCache (303ms)
			ReleaseScriptCaches (1ms)
			RebuildScriptCaches (68ms)
			SetupLoadedEditorAssemblies (680ms)
				LogAssemblyErrors (0ms)
				InitializePlatformSupportModulesInManaged (6ms)
				SetLoadedEditorAssemblies (0ms)
				RefreshPlugins (150ms)
				BeforeProcessingInitializeOnLoad (156ms)
				ProcessInitializeOnLoadAttributes (296ms)
				ProcessInitializeOnLoadMethodAttributes (64ms)
				AfterProcessingInitializeOnLoad (7ms)
				EditorAssembliesLoaded (0ms)
			ExecutionOrderSort2 (0ms)
			AwakeInstancesAfterBackupRestoration (8ms)
Platform modules already initialized, skipping
========================================================================
Worker process is ready to serve import requests
Launched and connected shader compiler UnityShaderCompiler.exe after 0.07 seconds
Refreshing native plugins compatible for Editor in 0.84 ms, found 4 plugins.
Preloading 0 native plugins for Editor in 0.00 ms.
Unloading 3806 Unused Serialized files (Serialized files now loaded: 0)
Unloading 34 unused Assets / (20.4 KB). Loaded Objects now: 4289.
Memory consumption went from 165.6 MB to 165.6 MB.
Total: 3.690900 ms (FindLiveObjects: 0.339600 ms CreateObjectMapping: 0.138500 ms MarkObjects: 3.171000 ms  DeleteObjects: 0.040700 ms)

AssetImportParameters requested are different than current active one (requested -> active):
  custom:video-decoder-ogg-theora: a1e56fd34408186e4bbccfd4996cb3dc -> 
  custom:container-muxer-webm: aa71ff27fc2769a1b78a27578f13a17b -> 
  custom:container-demuxer-webm: 4f35f7cbe854078d1ac9338744f61a02 -> 
  custom:video-encoder-webm-vp8: eb34c28f22e8b96e1ab97ce403110664 -> 
  custom:video-codec-MediaFoundation-h265: 746d11721c4dcdbdad8f713fa42b33f4 -> 
  custom:CustomObjectIndexerAttribute: bc11b3a6c3213fcdd17b65e7da85e133 -> 
  custom:audio-encoder-webm-vorbis: bf7c407c2cedff20999df2af8eb42d56 -> 
  custom:framework-win-MediaFoundation: 216162199b28c13a410421893ffa2e32 -> 
  custom:container-demuxer-ogg: 62fdf1f143b41e24485cea50d1cbac27 -> 
  custom:video-decoder-webm-vp8: 9c59270c3fd7afecdb556c50c9e8de78 -> 
  custom:audio-decoder-ogg-vorbis: bf7c407c2cedff20999df2af8eb42d56 -> 
========================================================================
Received Import Request.
  Time since last request: 277745.357406 seconds.
  path: Assets/2D Destructible Objects/Assets/Clown/Sprites/Single Sprites/WALK_L_Clown_0100.png
  artifactKey: Guid(bc5f2f9ce0f7e3e40b243610d33d711d) Importer(815301076,1909f56bfc062723c751e8b465ee728b)
Start importing Assets/2D Destructible Objects/Assets/Clown/Sprites/Single Sprites/WALK_L_Clown_0100.png using Guid(bc5f2f9ce0f7e3e40b243610d33d711d) Importer(815301076,1909f56bfc062723c751e8b465ee728b)  -> (artifact id: '19893cd6ad32ed82b40ec50f4b4f199f') in 0.167323 seconds 
========================================================================
Received Import Request.
  Time since last request: 0.000052 seconds.
  path: Assets/2D Destructible Objects/Assets/Clown/Sprites/Single Sprites/WALK_R_Clown_0040.png
  artifactKey: Guid(7d5a83cf389edb34a877231fbea9ecc2) Importer(815301076,1909f56bfc062723c751e8b465ee728b)
Start importing Assets/2D Destructible Objects/Assets/Clown/Sprites/Single Sprites/WALK_R_Clown_0040.png using Guid(7d5a83cf389edb34a877231fbea9ecc2) Importer(815301076,1909f56bfc062723c751e8b465ee728b)  -> (artifact id: '98c850174ad02d5dd894dbd6894c96bd') in 0.039581 seconds 
========================================================================
Received Import Request.
  Time since last request: 0.000040 seconds.
  path: Assets/2D Destructible Objects/Assets/Clown/Sprites/Single Sprites/WALK_R_Clown_0070.png
  artifactKey: Guid(a4e5b4548e4c7e943882250846047ec7) Importer(815301076,1909f56bfc062723c751e8b465ee728b)
Start importing Assets/2D Destructible Objects/Assets/Clown/Sprites/Single Sprites/WALK_R_Clown_0070.png using Guid(a4e5b4548e4c7e943882250846047ec7) Importer(815301076,1909f56bfc062723c751e8b465ee728b)  -> (artifact id: '5a17c5180c1e05bd49746d8c83d6bb75') in 0.041859 seconds 
========================================================================
Received Import Request.
  Time since last request: 0.869543 seconds.
  path: Assets/2D Destructible Objects/Assets/Clown/Sprites/Single Sprites/WALK_R_Clown_0140.png
  artifactKey: Guid(a389059032ce9ef4785f134ad3f0c7aa) Importer(815301076,1909f56bfc062723c751e8b465ee728b)
Start importing Assets/2D Destructible Objects/Assets/Clown/Sprites/Single Sprites/WALK_R_Clown_0140.png using Guid(a389059032ce9ef4785f134ad3f0c7aa) Importer(815301076,1909f56bfc062723c751e8b465ee728b)  -> (artifact id: '30601decd72165eccd9406ed11866b9c') in 0.031336 seconds 
========================================================================
Received Import Request.
  Time since last request: 0.000024 seconds.
  path: Assets/Pixel Monster Pack/64x64 monsters/wolf-white.png
  artifactKey: Guid(8f79f1523e40c5e4ca39009bd1678bb0) Importer(815301076,1909f56bfc062723c751e8b465ee728b)
Start importing Assets/Pixel Monster Pack/64x64 monsters/wolf-white.png using Guid(8f79f1523e40c5e4ca39009bd1678bb0) Importer(815301076,1909f56bfc062723c751e8b465ee728b)  -> (artifact id: 'c20d91885b23221168adbf7062eaa7b4') in 0.021376 seconds 
========================================================================
Received Import Request.
  Time since last request: 0.000028 seconds.
  path: Assets/Pixel Monster Pack/64x64 monsters/wolf-blue.png
  artifactKey: Guid(b62415e6f267a5a40a5031a36b39938b) Importer(815301076,1909f56bfc062723c751e8b465ee728b)
Start importing Assets/Pixel Monster Pack/64x64 monsters/wolf-blue.png using Guid(b62415e6f267a5a40a5031a36b39938b) Importer(815301076,1909f56bfc062723c751e8b465ee728b)  -> (artifact id: 'cf120b7acd56d3a7ab5916c894224a4c') in 0.018253 seconds 
========================================================================
Received Import Request.
  Time since last request: 0.000020 seconds.
  path: Assets/Pixel Monster Pack/64x64 monsters/worm-black.png
  artifactKey: Guid(551cb54b2be67ba479d96244192ce9f2) Importer(815301076,1909f56bfc062723c751e8b465ee728b)
Start importing Assets/Pixel Monster Pack/64x64 monsters/worm-black.png using Guid(551cb54b2be67ba479d96244192ce9f2) Importer(815301076,1909f56bfc062723c751e8b465ee728b)  -> (artifact id: 'bfb2d5603448f26e527c18e5f341d42d') in 0.023569 seconds 
========================================================================
Received Import Request.
  Time since last request: 0.000028 seconds.
  path: Assets/Pixel Monster Pack/32x32 monsters/worm-brown.png
  artifactKey: Guid(d6791f90eb6e2384bb31903865318fcc) Importer(815301076,1909f56bfc062723c751e8b465ee728b)
Start importing Assets/Pixel Monster Pack/32x32 monsters/worm-brown.png using Guid(d6791f90eb6e2384bb31903865318fcc) Importer(815301076,1909f56bfc062723c751e8b465ee728b)  -> (artifact id: 'faf0403258b2c984dcc7dfd88076ee95') in 0.025364 seconds 
========================================================================
Received Import Request.
  Time since last request: 0.177369 seconds.
  path: Assets/Pixel Monster Pack/32x32 monsters/worm-white.png
  artifactKey: Guid(804ceab9b19850742a982912a38f392a) Importer(815301076,1909f56bfc062723c751e8b465ee728b)
Start importing Assets/Pixel Monster Pack/32x32 monsters/worm-white.png using Guid(804ceab9b19850742a982912a38f392a) Importer(815301076,1909f56bfc062723c751e8b465ee728b)  -> (artifact id: '41cdf621a4fc0e5fb9fc913bc6984b3e') in 0.017302 seconds 
========================================================================
Received Import Request.
  Time since last request: 11.068558 seconds.
  path: Assets/Pixel Monster Pack/32x32 monsters/skull-violet.png
  artifactKey: Guid(eadd61a052013ea40b57e2116c637677) Importer(815301076,1909f56bfc062723c751e8b465ee728b)
Start importing Assets/Pixel Monster Pack/32x32 monsters/skull-violet.png using Guid(eadd61a052013ea40b57e2116c637677) Importer(815301076,1909f56bfc062723c751e8b465ee728b)  -> (artifact id: 'e1787ced44791673d319ceae5304cfc0') in 0.019945 seconds 
========================================================================
Received Import Request.
  Time since last request: 0.000017 seconds.
  path: Assets/Pixel Monster Pack/32x32 monsters/rat-white.png
  artifactKey: Guid(5dcc46a5545a1da49bbbeab76bcb733f) Importer(815301076,1909f56bfc062723c751e8b465ee728b)
Start importing Assets/Pixel Monster Pack/32x32 monsters/rat-white.png using Guid(5dcc46a5545a1da49bbbeab76bcb733f) Importer(815301076,1909f56bfc062723c751e8b465ee728b)  -> (artifact id: '003b349606f6922a710a47f87f6bed2c') in 0.020111 seconds 
========================================================================
Received Import Request.
  Time since last request: 0.000021 seconds.
  path: Assets/Pixel Monster Pack/32x32 monsters/skull-red.png
  artifactKey: Guid(7099be8759b55e24bbc19c92b6e92b9b) Importer(815301076,1909f56bfc062723c751e8b465ee728b)
Start importing Assets/Pixel Monster Pack/32x32 monsters/skull-red.png using Guid(7099be8759b55e24bbc19c92b6e92b9b) Importer(815301076,1909f56bfc062723c751e8b465ee728b)  -> (artifact id: 'f1411950c4e6685b26eb396ce8768a0e') in 0.021656 seconds 
========================================================================
Received Import Request.
  Time since last request: 0.000020 seconds.
  path: Assets/Pixel Monster Pack/64x64 monsters/scorpion-green.png
  artifactKey: Guid(6eee14efc86b92448b928071dded0809) Importer(815301076,1909f56bfc062723c751e8b465ee728b)
Start importing Assets/Pixel Monster Pack/64x64 monsters/scorpion-green.png using Guid(6eee14efc86b92448b928071dded0809) Importer(815301076,1909f56bfc062723c751e8b465ee728b)  -> (artifact id: '594b03aad9d6fcf1860e42901d89c942') in 0.020973 seconds 
========================================================================
Received Import Request.
  Time since last request: 0.000022 seconds.
  path: Assets/Pixel Monster Pack/32x32 monsters/scorpion-blue.png
  artifactKey: Guid(955d268a076ca604e8c27efd24dbcc0b) Importer(815301076,1909f56bfc062723c751e8b465ee728b)
Start importing Assets/Pixel Monster Pack/32x32 monsters/scorpion-blue.png using Guid(955d268a076ca604e8c27efd24dbcc0b) Importer(815301076,1909f56bfc062723c751e8b465ee728b)  -> (artifact id: '59417ed628258582d131154fa061fff7') in 0.022198 seconds 
========================================================================
Received Import Request.
  Time since last request: 0.000021 seconds.
  path: Assets/Pixel Monster Pack/32x32 monsters/slime-green.png
  artifactKey: Guid(11eac439ccf58354fb7f1b7b67737a03) Importer(815301076,1909f56bfc062723c751e8b465ee728b)
Start importing Assets/Pixel Monster Pack/32x32 monsters/slime-green.png using Guid(11eac439ccf58354fb7f1b7b67737a03) Importer(815301076,1909f56bfc062723c751e8b465ee728b)  -> (artifact id: 'e98b86276fdea238b63ac3db4d9670b5') in 0.022866 seconds 
========================================================================
Received Import Request.
  Time since last request: 0.000028 seconds.
  path: Assets/64 Potions/Materials/Potions 64x64 OUTLINE white CYAN.png
  artifactKey: Guid(b4d76bedaf6abfd4da63bade68373312) Importer(815301076,1909f56bfc062723c751e8b465ee728b)
Start importing Assets/64 Potions/Materials/Potions 64x64 OUTLINE white CYAN.png using Guid(b4d76bedaf6abfd4da63bade68373312) Importer(815301076,1909f56bfc062723c751e8b465ee728b)  -> (artifact id: '93c10cf111d6f38126a2039c0bee16f0') in 0.054074 seconds 
========================================================================
Received Import Request.
  Time since last request: 0.000026 seconds.
  path: Assets/Pixel Monster Pack/32x32 monsters/spider-white.png
  artifactKey: Guid(545a19dc6097a4547893d22f96f65cd7) Importer(815301076,1909f56bfc062723c751e8b465ee728b)
Start importing Assets/Pixel Monster Pack/32x32 monsters/spider-white.png using Guid(545a19dc6097a4547893d22f96f65cd7) Importer(815301076,1909f56bfc062723c751e8b465ee728b)  -> (artifact id: 'f97fc6e451fed0481ee5f98000ef8aea') in 0.024756 seconds 
========================================================================
Received Import Request.
  Time since last request: 0.000037 seconds.
  path: Assets/64 Potions/Potions 64x64 BG transparent PURPLE.png
  artifactKey: Guid(8eed8bc61f5222b41a710b272c7f1396) Importer(815301076,1909f56bfc062723c751e8b465ee728b)
Start importing Assets/64 Potions/Potions 64x64 BG transparent PURPLE.png using Guid(8eed8bc61f5222b41a710b272c7f1396) Importer(815301076,1909f56bfc062723c751e8b465ee728b)  -> (artifact id: '92248fb6291a1a5e2827740fefb06d29') in 0.152987 seconds 
========================================================================
Received Import Request.
  Time since last request: 0.000056 seconds.
  path: Assets/Pixel Monster Pack/32x32 monsters/scorpion-white.png
  artifactKey: Guid(cf487c23a8f70ad4d9e4ea67a4314b38) Importer(815301076,1909f56bfc062723c751e8b465ee728b)
Start importing Assets/Pixel Monster Pack/32x32 monsters/scorpion-white.png using Guid(cf487c23a8f70ad4d9e4ea67a4314b38) Importer(815301076,1909f56bfc062723c751e8b465ee728b)  -> (artifact id: '61d2ce6f4db9148fa49c83083511765a') in 0.031249 seconds 
========================================================================
Received Import Request.
  Time since last request: 0.000035 seconds.
  path: Assets/Pixel Monster Pack/64x64 monsters/slime-green.png
  artifactKey: Guid(105ca764c4bfc9545ba8884287aa4ed8) Importer(815301076,1909f56bfc062723c751e8b465ee728b)
Start importing Assets/Pixel Monster Pack/64x64 monsters/slime-green.png using Guid(105ca764c4bfc9545ba8884287aa4ed8) Importer(815301076,1909f56bfc062723c751e8b465ee728b)  -> (artifact id: '11bb2efe2f61483c35b039f3281b34d7') in 0.030248 seconds 
========================================================================
Received Import Request.
  Time since last request: 0.000029 seconds.
  path: Assets/64 Potions/Potions 64x64 BG transparent ORANGE.png
  artifactKey: Guid(3b54644cc4fe96649980cdc1e71c40d4) Importer(815301076,1909f56bfc062723c751e8b465ee728b)
Start importing Assets/64 Potions/Potions 64x64 BG transparent ORANGE.png using Guid(3b54644cc4fe96649980cdc1e71c40d4) Importer(815301076,1909f56bfc062723c751e8b465ee728b)  -> (artifact id: 'ebeba92bdeb1eb5f0c636e7fc001ac97') in 0.166166 seconds 
========================================================================
Received Import Request.
  Time since last request: 0.000040 seconds.
  path: Assets/64 Potions/Materials/Potions 64x64 BG transparent ORANGE.png
  artifactKey: Guid(104b1e5fd4f18ad4bb7db7766cfd3daa) Importer(815301076,1909f56bfc062723c751e8b465ee728b)
Start importing Assets/64 Potions/Materials/Potions 64x64 BG transparent ORANGE.png using Guid(104b1e5fd4f18ad4bb7db7766cfd3daa) Importer(815301076,1909f56bfc062723c751e8b465ee728b)  -> (artifact id: '1ab1ee1ce96afa27ee1b2a0199549bc9') in 0.042302 seconds 
========================================================================
Received Import Request.
  Time since last request: 0.000033 seconds.
  path: Assets/2D Destructible Objects/Assets/Clown/Sprites/Single Sprites/IDLE_Clown_0080.png
  artifactKey: Guid(cdbe95b87baf0b444a0564a610a7d267) Importer(815301076,1909f56bfc062723c751e8b465ee728b)
Start importing Assets/2D Destructible Objects/Assets/Clown/Sprites/Single Sprites/IDLE_Clown_0080.png using Guid(cdbe95b87baf0b444a0564a610a7d267) Importer(815301076,1909f56bfc062723c751e8b465ee728b)  -> (artifact id: '2d8a864d59ed915cf6c6d2d74677bdaf') in 0.033617 seconds 
========================================================================
Received Import Request.
  Time since last request: 0.000028 seconds.
  path: Assets/2D Destructible Objects/Assets/Clown/Sprites/Single Sprites/IDLE_Clown_0060.png
  artifactKey: Guid(179f93f219405444887203a6668a2763) Importer(815301076,1909f56bfc062723c751e8b465ee728b)
Start importing Assets/2D Destructible Objects/Assets/Clown/Sprites/Single Sprites/IDLE_Clown_0060.png using Guid(179f93f219405444887203a6668a2763) Importer(815301076,1909f56bfc062723c751e8b465ee728b)  -> (artifact id: '834724778c93c41efab2ec2ec43fdd0c') in 0.038129 seconds 
========================================================================
Received Import Request.
  Time since last request: 0.000029 seconds.
  path: Assets/2D Destructible Objects/Assets/Clown/Sprites/Single Sprites/IDLE_Clown_0020.png
  artifactKey: Guid(a5a2a05b2b9c6b743b244430aaf8e591) Importer(815301076,1909f56bfc062723c751e8b465ee728b)
Start importing Assets/2D Destructible Objects/Assets/Clown/Sprites/Single Sprites/IDLE_Clown_0020.png using Guid(a5a2a05b2b9c6b743b244430aaf8e591) Importer(815301076,1909f56bfc062723c751e8b465ee728b)  -> (artifact id: '4e13f65cc702b7508d5e6c90c794841a') in 0.033622 seconds 
========================================================================
Received Import Request.
  Time since last request: 0.410742 seconds.
  path: Assets/Pixel Monster Pack/32x32 monsters/boneworm-black.png
  artifactKey: Guid(da88a6bcbf1706a409007e9a0a2949b3) Importer(815301076,1909f56bfc062723c751e8b465ee728b)
Start importing Assets/Pixel Monster Pack/32x32 monsters/boneworm-black.png using Guid(da88a6bcbf1706a409007e9a0a2949b3) Importer(815301076,1909f56bfc062723c751e8b465ee728b)  -> (artifact id: 'a4943098003d8eb5f2dacdc2342e54a1') in 0.020745 seconds 
========================================================================
Received Import Request.
  Time since last request: 0.008747 seconds.
  path: Assets/2D Destructible Objects/Assets/Clown/Sprites/Single Sprites/IDLE_Clown_0160.png
  artifactKey: Guid(b4e66f9fdbc0089469e207fed67fe102) Importer(815301076,1909f56bfc062723c751e8b465ee728b)
Start importing Assets/2D Destructible Objects/Assets/Clown/Sprites/Single Sprites/IDLE_Clown_0160.png using Guid(b4e66f9fdbc0089469e207fed67fe102) Importer(815301076,1909f56bfc062723c751e8b465ee728b)  -> (artifact id: '11a3f0b4eab3dc5c689cedecd63aa91d') in 0.038214 seconds 
========================================================================
Received Import Request.
  Time since last request: 0.000029 seconds.
  path: Assets/Pixel Monster Pack/32x32 monsters/ooze-blue.png
  artifactKey: Guid(7e3aab7425bf756429ed8c04b4bd55ce) Importer(815301076,1909f56bfc062723c751e8b465ee728b)
Start importing Assets/Pixel Monster Pack/32x32 monsters/ooze-blue.png using Guid(7e3aab7425bf756429ed8c04b4bd55ce) Importer(815301076,1909f56bfc062723c751e8b465ee728b)  -> (artifact id: '7548269707064b0255c9dd779e8d570d') in 0.028121 seconds 
========================================================================
Received Import Request.
  Time since last request: 0.000033 seconds.
  path: Assets/64 Potions/Materials/Potions 64x64 BG transparent CYAN.png
  artifactKey: Guid(cf3c21b894e87bb4a93d99b69598bdca) Importer(815301076,1909f56bfc062723c751e8b465ee728b)
Start importing Assets/64 Potions/Materials/Potions 64x64 BG transparent CYAN.png using Guid(cf3c21b894e87bb4a93d99b69598bdca) Importer(815301076,1909f56bfc062723c751e8b465ee728b)  -> (artifact id: '584ff3b882d947cc3edd778366e56ffd') in 0.042902 seconds 
========================================================================
Received Import Request.
  Time since last request: 0.000043 seconds.
  path: Assets/2D Destructible Objects/Assets/Clown/Sprites/Single Sprites/IDLE_Clown_0180.png
  artifactKey: Guid(eb0260cb2359b6948a4e4b5734f9f6fd) Importer(815301076,1909f56bfc062723c751e8b465ee728b)
Start importing Assets/2D Destructible Objects/Assets/Clown/Sprites/Single Sprites/IDLE_Clown_0180.png using Guid(eb0260cb2359b6948a4e4b5734f9f6fd) Importer(815301076,1909f56bfc062723c751e8b465ee728b)  -> (artifact id: '62e69b82760c357d2d0a65ac641ef872') in 0.033630 seconds 
========================================================================
Received Import Request.
  Time since last request: 0.043568 seconds.
  path: Assets/64 Potions/Materials/Potions 64x64 BG transparent GREEN.png
  artifactKey: Guid(989136e3f27838d45a926aed258dbe4b) Importer(815301076,1909f56bfc062723c751e8b465ee728b)
Start importing Assets/64 Potions/Materials/Potions 64x64 BG transparent GREEN.png using Guid(989136e3f27838d45a926aed258dbe4b) Importer(815301076,1909f56bfc062723c751e8b465ee728b)  -> (artifact id: 'f8d5ae81b4be5e23419ef34cbf96bca4') in 0.038978 seconds 
========================================================================
Received Import Request.
  Time since last request: 11.064353 seconds.
  path: Assets/2D Destructible Objects/Assets/Clown/Sprites/Single Sprites/IDLE_Clown_0130.png
  artifactKey: Guid(77fa4de976c29b543b1e27ad881386ad) Importer(815301076,1909f56bfc062723c751e8b465ee728b)
Start importing Assets/2D Destructible Objects/Assets/Clown/Sprites/Single Sprites/IDLE_Clown_0130.png using Guid(77fa4de976c29b543b1e27ad881386ad) Importer(815301076,1909f56bfc062723c751e8b465ee728b)  -> (artifact id: '84a141054c5bf8804f79fd482d5e69b1') in 0.028416 seconds 
========================================================================
Received Import Request.
  Time since last request: 7.273871 seconds.
  path: Assets/Pixel Monster Pack/32x32 monsters/boneworm-green.png
  artifactKey: Guid(d38b112131aea4540817aab7e2a222db) Importer(815301076,1909f56bfc062723c751e8b465ee728b)
Start importing Assets/Pixel Monster Pack/32x32 monsters/boneworm-green.png using Guid(d38b112131aea4540817aab7e2a222db) Importer(815301076,1909f56bfc062723c751e8b465ee728b)  -> (artifact id: 'fb39f1a0ff852c6a4947f818aeee5bef') in 0.018954 seconds 
========================================================================
Received Import Request.
  Time since last request: 49.656451 seconds.
  path: Assets/64 Potions/Materials/Potions 64x64 BG transparent RED.png
  artifactKey: Guid(3efb3c4af30e4f4409798feb4d56d1af) Importer(815301076,1909f56bfc062723c751e8b465ee728b)
Start importing Assets/64 Potions/Materials/Potions 64x64 BG transparent RED.png using Guid(3efb3c4af30e4f4409798feb4d56d1af) Importer(815301076,1909f56bfc062723c751e8b465ee728b)  -> (artifact id: '2d0ff6844c7201c771da77974162ffc5') in 0.037972 seconds 
========================================================================
Received Import Request.
  Time since last request: 0.052338 seconds.
  path: Assets/64 Potions/Materials/Potions 64x64 OUTLINE white GREEN.png
  artifactKey: Guid(48db0194ba037064289ee555b374a270) Importer(815301076,1909f56bfc062723c751e8b465ee728b)
Start importing Assets/64 Potions/Materials/Potions 64x64 OUTLINE white GREEN.png using Guid(48db0194ba037064289ee555b374a270) Importer(815301076,1909f56bfc062723c751e8b465ee728b)  -> (artifact id: 'f2b4f7d46886a0ccba08a067b3be617d') in 0.034546 seconds 
========================================================================
Received Import Request.
  Time since last request: 0.072626 seconds.
  path: Assets/64 Potions/Materials/Potions 64x64 OUTLINE white PURPLE.png
  artifactKey: Guid(d5b10192b0b12ce44ad9eddc9ca9038d) Importer(815301076,1909f56bfc062723c751e8b465ee728b)
Start importing Assets/64 Potions/Materials/Potions 64x64 OUTLINE white PURPLE.png using Guid(d5b10192b0b12ce44ad9eddc9ca9038d) Importer(815301076,1909f56bfc062723c751e8b465ee728b)  -> (artifact id: '1300bf7cdc79226fe2f4b758ef09666a') in 0.033915 seconds 
========================================================================
Received Import Request.
  Time since last request: 0.035791 seconds.
  path: Assets/64 Potions/Materials/Potions 64x64 OUTLINE white RED.png
  artifactKey: Guid(84585de2e56f3ec408be6f9d70b2fe17) Importer(815301076,1909f56bfc062723c751e8b465ee728b)
Start importing Assets/64 Potions/Materials/Potions 64x64 OUTLINE white RED.png using Guid(84585de2e56f3ec408be6f9d70b2fe17) Importer(815301076,1909f56bfc062723c751e8b465ee728b)  -> (artifact id: '90f51096e44912a16f7653beca6a378f') in 0.029720 seconds 
========================================================================
Received Import Request.
  Time since last request: 0.876170 seconds.
  path: Assets/Pixel Monster Pack/64x64 monsters/rat-black.png
  artifactKey: Guid(b46b12ff290649c4aa428bce9c66cfbe) Importer(815301076,1909f56bfc062723c751e8b465ee728b)
Start importing Assets/Pixel Monster Pack/64x64 monsters/rat-black.png using Guid(b46b12ff290649c4aa428bce9c66cfbe) Importer(815301076,1909f56bfc062723c751e8b465ee728b)  -> (artifact id: '36a976dbdc6c2002d1415b9cdcf7b220') in 0.019016 seconds 
Editor requested this worker to shutdown with reason: Scaling down because of idle timeout
AssetImportWorker is now disconnected from the server
Process exiting
Exiting without the bug reporter. Application will terminate with return code 0