Using pre-set license
Built from '2021.3/staging' branch; Version is '2021.3.29f1 (204d6dc9ae1c) revision 2116973'; Using compiler version '192829333'; Build Type 'Release'
OS: 'Windows 11  (10.0.22621) 64bit Core' Language: 'en' Physical Memory: 32429 MB
BatchMode: 1, IsHumanControllingUs: 0, StartBugReporterOnCrash: 0, Is64bit: 1, IsPro: 1

COMMAND LINE ARGUMENTS:
C:\Program Files\Unity 2021.3.29f1\Editor\Unity.exe
-adb2
-batchMode
-noUpm
-name
AssetImportWorker5
-projectPath
C:/Users/ALIENWARE/OneDrive/Desktop/Desktop files/ANU sem 5/COMP3540/comp3540-2023-game-proposal/Game Protoype
-logFile
Logs/AssetImportWorker5.log
-srvPort
51786
Successfully changed project path to: C:/Users/ALIENWARE/OneDrive/Desktop/Desktop files/ANU sem 5/COMP3540/comp3540-2023-game-proposal/Game Protoype
C:/Users/ALIENWARE/OneDrive/Desktop/Desktop files/ANU sem 5/COMP3540/comp3540-2023-game-proposal/Game Protoype
[UnityMemory] Configuration Parameters - Can be set up in boot.config
    "memorysetup-bucket-allocator-granularity=16"
    "memorysetup-bucket-allocator-bucket-count=8"
    "memorysetup-bucket-allocator-block-size=33554432"
    "memorysetup-bucket-allocator-block-count=8"
    "memorysetup-main-allocator-block-size=16777216"
    "memorysetup-thread-allocator-block-size=16777216"
    "memorysetup-gfx-main-allocator-block-size=16777216"
    "memorysetup-gfx-thread-allocator-block-size=16777216"
    "memorysetup-cache-allocator-block-size=4194304"
    "memorysetup-typetree-allocator-block-size=2097152"
    "memorysetup-profiler-bucket-allocator-granularity=16"
    "memorysetup-profiler-bucket-allocator-bucket-count=8"
    "memorysetup-profiler-bucket-allocator-block-size=33554432"
    "memorysetup-profiler-bucket-allocator-block-count=8"
    "memorysetup-profiler-allocator-block-size=16777216"
    "memorysetup-profiler-editor-allocator-block-size=1048576"
    "memorysetup-temp-allocator-size-main=16777216"
    "memorysetup-job-temp-allocator-block-size=2097152"
    "memorysetup-job-temp-allocator-block-size-background=1048576"
    "memorysetup-job-temp-allocator-reduction-small-platforms=262144"
    "memorysetup-temp-allocator-size-background-worker=32768"
    "memorysetup-temp-allocator-size-job-worker=262144"
    "memorysetup-temp-allocator-size-preload-manager=33554432"
    "memorysetup-temp-allocator-size-nav-mesh-worker=65536"
    "memorysetup-temp-allocator-size-audio-worker=65536"
    "memorysetup-temp-allocator-size-cloud-worker=32768"
    "memorysetup-temp-allocator-size-gi-baking-worker=262144"
    "memorysetup-temp-allocator-size-gfx=262144"
Player connection [48672] Host "[IP] 192.168.80.1 [Port] 0 [Flags] 2 [Guid] 3719227869 [EditorId] 3719227869 [Version] 1048832 [Id] WindowsEditor(7,DESKTOP-342ELA6) [Debug] 1 [PackageName] WindowsEditor [ProjectName] Editor" joined multi-casting on [225.0.0.222:54997]...

Player connection [48672] Host "[IP] 192.168.80.1 [Port] 0 [Flags] 2 [Guid] 3719227869 [EditorId] 3719227869 [Version] 1048832 [Id] WindowsEditor(7,DESKTOP-342ELA6) [Debug] 1 [PackageName] WindowsEditor [ProjectName] Editor" joined alternative multi-casting on [225.0.0.222:34997]...

Refreshing native plugins compatible for Editor in 150.05 ms, found 4 plugins.
Preloading 0 native plugins for Editor in 0.00 ms.
Initialize engine version: 2021.3.29f1 (204d6dc9ae1c)
[Subsystems] Discovering subsystems at path C:/Program Files/Unity 2021.3.29f1/Editor/Data/Resources/UnitySubsystems
[Subsystems] Discovering subsystems at path C:/Users/ALIENWARE/OneDrive/Desktop/Desktop files/ANU sem 5/COMP3540/comp3540-2023-game-proposal/Game Protoype/Assets
GfxDevice: creating device client; threaded=0; jobified=0
Direct3D:
    Version:  Direct3D 11.0 [level 11.1]
    Renderer: NVIDIA GeForce RTX 3080 Laptop GPU (ID=0x24dc)
    Vendor:   NVIDIA
    VRAM:     8031 MB
    Driver:   31.0.15.3699
Initialize mono
Mono path[0] = 'C:/Program Files/Unity 2021.3.29f1/Editor/Data/Managed'
Mono path[1] = 'C:/Program Files/Unity 2021.3.29f1/Editor/Data/MonoBleedingEdge/lib/mono/unityjit-win32'
Mono config path = 'C:/Program Files/Unity 2021.3.29f1/Editor/Data/MonoBleedingEdge/etc'
Using monoOptions --debugger-agent=transport=dt_socket,embedding=1,server=y,suspend=n,address=127.0.0.1:56024
Begin MonoManager ReloadAssembly
Registering precompiled unity dll's ...
Register platform support module: C:/Program Files/Unity 2021.3.29f1/Editor/Data/PlaybackEngines/WindowsStandaloneSupport/UnityEditor.WindowsStandalone.Extensions.dll
Registered in 0.005667 seconds.
Native extension for WindowsStandalone target not found
Refreshing native plugins compatible for Editor in 121.50 ms, found 4 plugins.
Preloading 0 native plugins for Editor in 0.00 ms.
Mono: successfully reloaded assembly
- Completed reload, in  1.168 seconds
Domain Reload Profiling:
	ReloadAssembly (1168ms)
		BeginReloadAssembly (187ms)
			ExecutionOrderSort (0ms)
			DisableScriptedObjects (0ms)
			BackupInstance (0ms)
			ReleaseScriptingObjects (0ms)
			CreateAndSetChildDomain (2ms)
		EndReloadAssembly (778ms)
			LoadAssemblies (183ms)
			RebuildTransferFunctionScriptingTraits (0ms)
			SetupTypeCache (258ms)
			ReleaseScriptCaches (0ms)
			RebuildScriptCaches (39ms)
			SetupLoadedEditorAssemblies (398ms)
				LogAssemblyErrors (0ms)
				InitializePlatformSupportModulesInManaged (10ms)
				SetLoadedEditorAssemblies (0ms)
				RefreshPlugins (122ms)
				BeforeProcessingInitializeOnLoad (2ms)
				ProcessInitializeOnLoadAttributes (193ms)
				ProcessInitializeOnLoadMethodAttributes (71ms)
				AfterProcessingInitializeOnLoad (0ms)
				EditorAssembliesLoaded (0ms)
			ExecutionOrderSort2 (0ms)
			AwakeInstancesAfterBackupRestoration (0ms)
Platform modules already initialized, skipping
Registering precompiled user dll's ...
Registered in 0.008471 seconds.
Begin MonoManager ReloadAssembly
Symbol file LoadedFromMemory doesn't match image C:\Users\ALIENWARE\OneDrive\Desktop\Desktop files\ANU sem 5\COMP3540\comp3540-2023-game-proposal\Game Protoype\Library\PackageCache\com.unity.visualscripting@1.8.0\Editor\VisualScripting.Core\Dependencies\YamlDotNet\Unity.VisualScripting.YamlDotNet.dll
Symbol file LoadedFromMemory doesn't match image C:\Users\ALIENWARE\OneDrive\Desktop\Desktop files\ANU sem 5\COMP3540\comp3540-2023-game-proposal\Game Protoype\Library\PackageCache\com.unity.visualscripting@1.8.0\Editor\VisualScripting.Core\Dependencies\DotNetZip\Unity.VisualScripting.IonicZip.dll
Native extension for WindowsStandalone target not found
Refreshing native plugins compatible for Editor in 146.16 ms, found 4 plugins.
Preloading 0 native plugins for Editor in 0.00 ms.
Mono: successfully reloaded assembly
- Completed reload, in  1.496 seconds
Domain Reload Profiling:
	ReloadAssembly (1497ms)
		BeginReloadAssembly (142ms)
			ExecutionOrderSort (0ms)
			DisableScriptedObjects (7ms)
			BackupInstance (0ms)
			ReleaseScriptingObjects (0ms)
			CreateAndSetChildDomain (22ms)
		EndReloadAssembly (1231ms)
			LoadAssemblies (118ms)
			RebuildTransferFunctionScriptingTraits (0ms)
			SetupTypeCache (314ms)
			ReleaseScriptCaches (1ms)
			RebuildScriptCaches (68ms)
			SetupLoadedEditorAssemblies (676ms)
				LogAssemblyErrors (0ms)
				InitializePlatformSupportModulesInManaged (5ms)
				SetLoadedEditorAssemblies (0ms)
				RefreshPlugins (146ms)
				BeforeProcessingInitializeOnLoad (160ms)
				ProcessInitializeOnLoadAttributes (298ms)
				ProcessInitializeOnLoadMethodAttributes (59ms)
				AfterProcessingInitializeOnLoad (7ms)
				EditorAssembliesLoaded (0ms)
			ExecutionOrderSort2 (0ms)
			AwakeInstancesAfterBackupRestoration (9ms)
Platform modules already initialized, skipping
========================================================================
Worker process is ready to serve import requests
Launched and connected shader compiler UnityShaderCompiler.exe after 0.07 seconds
Refreshing native plugins compatible for Editor in 0.76 ms, found 4 plugins.
Preloading 0 native plugins for Editor in 0.00 ms.
Unloading 3806 Unused Serialized files (Serialized files now loaded: 0)
Unloading 34 unused Assets / (20.4 KB). Loaded Objects now: 4289.
Memory consumption went from 165.6 MB to 165.6 MB.
Total: 3.622900 ms (FindLiveObjects: 0.336700 ms CreateObjectMapping: 0.134500 ms MarkObjects: 3.112200 ms  DeleteObjects: 0.038000 ms)

AssetImportParameters requested are different than current active one (requested -> active):
  custom:video-decoder-ogg-theora: a1e56fd34408186e4bbccfd4996cb3dc -> 
  custom:container-muxer-webm: aa71ff27fc2769a1b78a27578f13a17b -> 
  custom:container-demuxer-webm: 4f35f7cbe854078d1ac9338744f61a02 -> 
  custom:video-encoder-webm-vp8: eb34c28f22e8b96e1ab97ce403110664 -> 
  custom:video-codec-MediaFoundation-h265: 746d11721c4dcdbdad8f713fa42b33f4 -> 
  custom:CustomObjectIndexerAttribute: bc11b3a6c3213fcdd17b65e7da85e133 -> 
  custom:audio-encoder-webm-vorbis: bf7c407c2cedff20999df2af8eb42d56 -> 
  custom:framework-win-MediaFoundation: 216162199b28c13a410421893ffa2e32 -> 
  custom:container-demuxer-ogg: 62fdf1f143b41e24485cea50d1cbac27 -> 
  custom:video-decoder-webm-vp8: 9c59270c3fd7afecdb556c50c9e8de78 -> 
  custom:audio-decoder-ogg-vorbis: bf7c407c2cedff20999df2af8eb42d56 -> 
========================================================================
Received Import Request.
  Time since last request: 277745.358037 seconds.
  path: Assets/2D Destructible Objects/Assets/Clown/Sprites/Single Sprites/WALK_L_Clown_0130.png
  artifactKey: Guid(d5c0211e32279ff43bc6cd4ecbaa62f2) Importer(815301076,1909f56bfc062723c751e8b465ee728b)
Start importing Assets/2D Destructible Objects/Assets/Clown/Sprites/Single Sprites/WALK_L_Clown_0130.png using Guid(d5c0211e32279ff43bc6cd4ecbaa62f2) Importer(815301076,1909f56bfc062723c751e8b465ee728b)  -> (artifact id: 'a1bb73b574211b28b26a68fa119d58bf') in 0.161535 seconds 
========================================================================
Received Import Request.
  Time since last request: 0.000045 seconds.
  path: Assets/2D Destructible Objects/Assets/Clown/Sprites/Single Sprites/WALK_R_Clown_0020.png
  artifactKey: Guid(8f181e259e739644c9873876d835cfc1) Importer(815301076,1909f56bfc062723c751e8b465ee728b)
Start importing Assets/2D Destructible Objects/Assets/Clown/Sprites/Single Sprites/WALK_R_Clown_0020.png using Guid(8f181e259e739644c9873876d835cfc1) Importer(815301076,1909f56bfc062723c751e8b465ee728b)  -> (artifact id: '953483251d252c17b1c1da5db0549bd6') in 0.039964 seconds 
========================================================================
Received Import Request.
  Time since last request: 0.000048 seconds.
  path: Assets/2D Destructible Objects/Assets/Clown/Sprites/Single Sprites/WALK_R_Clown_0130.png
  artifactKey: Guid(6c19eac26b7bec34cabf04509d2cbb82) Importer(815301076,1909f56bfc062723c751e8b465ee728b)
Start importing Assets/2D Destructible Objects/Assets/Clown/Sprites/Single Sprites/WALK_R_Clown_0130.png using Guid(6c19eac26b7bec34cabf04509d2cbb82) Importer(815301076,1909f56bfc062723c751e8b465ee728b)  -> (artifact id: 'fa918c671704d6e050e3e293206daa81') in 0.039640 seconds 
========================================================================
Received Import Request.
  Time since last request: 0.000032 seconds.
  path: Assets/2D Destructible Objects/Assets/Clown/Sprites/Single Sprites/WALK_R_Clown_0030.png
  artifactKey: Guid(6109e43c4be60c54292b904119eb99e3) Importer(815301076,1909f56bfc062723c751e8b465ee728b)
Start importing Assets/2D Destructible Objects/Assets/Clown/Sprites/Single Sprites/WALK_R_Clown_0030.png using Guid(6109e43c4be60c54292b904119eb99e3) Importer(815301076,1909f56bfc062723c751e8b465ee728b)  -> (artifact id: 'f637d974759fb165d19b29ef71b2c9b3') in 0.037550 seconds 
========================================================================
Received Import Request.
  Time since last request: 0.832822 seconds.
  path: Assets/Pixel Monster Pack/32x32 monsters/wolf-black.png
  artifactKey: Guid(e62c76c496528234a8b52eb179ea6350) Importer(815301076,1909f56bfc062723c751e8b465ee728b)
Start importing Assets/Pixel Monster Pack/32x32 monsters/wolf-black.png using Guid(e62c76c496528234a8b52eb179ea6350) Importer(815301076,1909f56bfc062723c751e8b465ee728b)  -> (artifact id: '42e846810737b214a639cc580841cd7b') in 0.021331 seconds 
========================================================================
Received Import Request.
  Time since last request: 0.000030 seconds.
  path: Assets/Pixel Monster Pack/32x32 monsters/wolf-green.png
  artifactKey: Guid(62eaa2a609276b64c826459c8cc52a9a) Importer(815301076,1909f56bfc062723c751e8b465ee728b)
Start importing Assets/Pixel Monster Pack/32x32 monsters/wolf-green.png using Guid(62eaa2a609276b64c826459c8cc52a9a) Importer(815301076,1909f56bfc062723c751e8b465ee728b)  -> (artifact id: '7c37806a93122ce7144ab75ab0d58e3e') in 0.020909 seconds 
========================================================================
Received Import Request.
  Time since last request: 0.000034 seconds.
  path: Assets/2D Destructible Objects/Assets/Objects/Wood/Single Sprites/Wood _Skewer_0001.png
  artifactKey: Guid(88a5ee3ed6de77445b50a6a67a48fb4d) Importer(815301076,1909f56bfc062723c751e8b465ee728b)
Start importing Assets/2D Destructible Objects/Assets/Objects/Wood/Single Sprites/Wood _Skewer_0001.png using Guid(88a5ee3ed6de77445b50a6a67a48fb4d) Importer(815301076,1909f56bfc062723c751e8b465ee728b)  -> (artifact id: '6849ef69b5a35d474678b4d11fd349e6') in 0.027159 seconds 
========================================================================
Received Import Request.
  Time since last request: 0.000044 seconds.
  path: Assets/Pixel Monster Pack/32x32 monsters/worm-black.png
  artifactKey: Guid(b1aeaa343a4b9884992a5b657e975e16) Importer(815301076,1909f56bfc062723c751e8b465ee728b)
Start importing Assets/Pixel Monster Pack/32x32 monsters/worm-black.png using Guid(b1aeaa343a4b9884992a5b657e975e16) Importer(815301076,1909f56bfc062723c751e8b465ee728b)  -> (artifact id: '29340ef1f0407e360dd39f691bfbbf55') in 0.022654 seconds 
========================================================================
Received Import Request.
  Time since last request: 0.000025 seconds.
  path: Assets/Pixel Monster Pack/32x32 monsters/worm-green.png
  artifactKey: Guid(afd7405ec51ae0746b9626b2a4c43e4d) Importer(815301076,1909f56bfc062723c751e8b465ee728b)
Start importing Assets/Pixel Monster Pack/32x32 monsters/worm-green.png using Guid(afd7405ec51ae0746b9626b2a4c43e4d) Importer(815301076,1909f56bfc062723c751e8b465ee728b)  -> (artifact id: '430503e0327d496d2a92845f439b4de3') in 0.044519 seconds 
========================================================================
Received Import Request.
  Time since last request: 11.250376 seconds.
  path: Assets/Pixel Monster Pack/32x32 monsters/slime-blue.png
  artifactKey: Guid(1843637ea4989294aa986443dbc2734a) Importer(815301076,1909f56bfc062723c751e8b465ee728b)
Start importing Assets/Pixel Monster Pack/32x32 monsters/slime-blue.png using Guid(1843637ea4989294aa986443dbc2734a) Importer(815301076,1909f56bfc062723c751e8b465ee728b)  -> (artifact id: 'b6ca52dbfa1690112a6698886d9e320a') in 0.019503 seconds 
========================================================================
Received Import Request.
  Time since last request: 0.000020 seconds.
  path: Assets/Pixel Monster Pack/64x64 monsters/rat-green.png
  artifactKey: Guid(55ab31a54d1fea340a28b6c418797b5c) Importer(815301076,1909f56bfc062723c751e8b465ee728b)
Start importing Assets/Pixel Monster Pack/64x64 monsters/rat-green.png using Guid(55ab31a54d1fea340a28b6c418797b5c) Importer(815301076,1909f56bfc062723c751e8b465ee728b)  -> (artifact id: 'cc6daac96a37200a1c199df6a942b814') in 0.021418 seconds 
========================================================================
Received Import Request.
  Time since last request: 0.000018 seconds.
  path: Assets/Pixel Monster Pack/64x64 monsters/scorpion-black.png
  artifactKey: Guid(75dcab0e768764b4e8208cbdcd504098) Importer(815301076,1909f56bfc062723c751e8b465ee728b)
Start importing Assets/Pixel Monster Pack/64x64 monsters/scorpion-black.png using Guid(75dcab0e768764b4e8208cbdcd504098) Importer(815301076,1909f56bfc062723c751e8b465ee728b)  -> (artifact id: 'd0ee3830c862ffd200c29dc029a590f8') in 0.021135 seconds 
========================================================================
Received Import Request.
  Time since last request: 0.000020 seconds.
  path: Assets/Pixel Monster Pack/32x32 monsters/spider-blue.png
  artifactKey: Guid(932812732bbf750488c77d88fde217ac) Importer(815301076,1909f56bfc062723c751e8b465ee728b)
Start importing Assets/Pixel Monster Pack/32x32 monsters/spider-blue.png using Guid(932812732bbf750488c77d88fde217ac) Importer(815301076,1909f56bfc062723c751e8b465ee728b)  -> (artifact id: '18da3d742a128eb892e797180eedc3ac') in 0.020849 seconds 
========================================================================
Received Import Request.
  Time since last request: 0.000023 seconds.
  path: Assets/Pixel Monster Pack/64x64 monsters/spider-black.png
  artifactKey: Guid(d4ae1438553220b46926edcb4692f03d) Importer(815301076,1909f56bfc062723c751e8b465ee728b)
Start importing Assets/Pixel Monster Pack/64x64 monsters/spider-black.png using Guid(d4ae1438553220b46926edcb4692f03d) Importer(815301076,1909f56bfc062723c751e8b465ee728b)  -> (artifact id: '1e1d0bb0d0a1e7d9a83e31fef35dbdfe') in 0.021735 seconds 
========================================================================
Received Import Request.
  Time since last request: 0.000021 seconds.
  path: Assets/Pixel Monster Pack/32x32 monsters/spider-black.png
  artifactKey: Guid(575d6ab12253e0749a7bb6a07a1260ca) Importer(815301076,1909f56bfc062723c751e8b465ee728b)
Start importing Assets/Pixel Monster Pack/32x32 monsters/spider-black.png using Guid(575d6ab12253e0749a7bb6a07a1260ca) Importer(815301076,1909f56bfc062723c751e8b465ee728b)  -> (artifact id: 'f6e37fddf26d8a6a216144fc81489857') in 0.023518 seconds 
========================================================================
Received Import Request.
  Time since last request: 0.000028 seconds.
  path: Assets/Pixel Monster Pack/32x32 monsters/scorpion-black.png
  artifactKey: Guid(5e75bb301b752184ca35a39c8fa32743) Importer(815301076,1909f56bfc062723c751e8b465ee728b)
Start importing Assets/Pixel Monster Pack/32x32 monsters/scorpion-black.png using Guid(5e75bb301b752184ca35a39c8fa32743) Importer(815301076,1909f56bfc062723c751e8b465ee728b)  -> (artifact id: 'd507162beb11a04ec2ac9b2867b74989') in 0.024105 seconds 
========================================================================
Received Import Request.
  Time since last request: 0.000030 seconds.
  path: Assets/Pixel Monster Pack/64x64 monsters/spider-green.png
  artifactKey: Guid(90091714e5c4fbe4f8cec8aa7da7869b) Importer(815301076,1909f56bfc062723c751e8b465ee728b)
Start importing Assets/Pixel Monster Pack/64x64 monsters/spider-green.png using Guid(90091714e5c4fbe4f8cec8aa7da7869b) Importer(815301076,1909f56bfc062723c751e8b465ee728b)  -> (artifact id: 'f511f93fb0b42145c86b26ac5730d338') in 0.023498 seconds 
========================================================================
Received Import Request.
  Time since last request: 0.000040 seconds.
  path: Assets/Pixel Monster Pack/64x64 monsters/spider-white.png
  artifactKey: Guid(e2cf75d62e889a7458bc460a71eb78a4) Importer(815301076,1909f56bfc062723c751e8b465ee728b)
Start importing Assets/Pixel Monster Pack/64x64 monsters/spider-white.png using Guid(e2cf75d62e889a7458bc460a71eb78a4) Importer(815301076,1909f56bfc062723c751e8b465ee728b)  -> (artifact id: 'a09820feaf3c278c8e7f78bea12afa6c') in 0.025185 seconds 
========================================================================
Received Import Request.
  Time since last request: 0.000026 seconds.
  path: Assets/64 Potions/Potions 64x64 OUTLINE white BLUE.png
  artifactKey: Guid(1b024ca793634f541b8fa2498c62efa6) Importer(815301076,1909f56bfc062723c751e8b465ee728b)
Start importing Assets/64 Potions/Potions 64x64 OUTLINE white BLUE.png using Guid(1b024ca793634f541b8fa2498c62efa6) Importer(815301076,1909f56bfc062723c751e8b465ee728b)  -> (artifact id: '257278a4bcefb05a7331c026363a801c') in 0.163413 seconds 
========================================================================
Received Import Request.
  Time since last request: 0.000029 seconds.
  path: Assets/Pixel Monster Pack/64x64 monsters/rat-brown.png
  artifactKey: Guid(f2aeeb2642ebe5f43af54de7c94996a4) Importer(815301076,1909f56bfc062723c751e8b465ee728b)
Start importing Assets/Pixel Monster Pack/64x64 monsters/rat-brown.png using Guid(f2aeeb2642ebe5f43af54de7c94996a4) Importer(815301076,1909f56bfc062723c751e8b465ee728b)  -> (artifact id: 'b0c6dc2c9f633a5b5cf41e23ef048267') in 0.028656 seconds 
========================================================================
Received Import Request.
  Time since last request: 0.000033 seconds.
  path: Assets/64 Potions/Potions 64x64 OUTLINE white ORANGE.png
  artifactKey: Guid(c7d1d3d805b430c48b35e2241065a0cb) Importer(815301076,1909f56bfc062723c751e8b465ee728b)
Start importing Assets/64 Potions/Potions 64x64 OUTLINE white ORANGE.png using Guid(c7d1d3d805b430c48b35e2241065a0cb) Importer(815301076,1909f56bfc062723c751e8b465ee728b)  -> (artifact id: 'c0a428fcff3803c63c98db78956790cd') in 0.168131 seconds 
========================================================================
Received Import Request.
  Time since last request: 0.000043 seconds.
  path: Assets/Pixel Monster Pack/64x64 monsters/scorpion-white.png
  artifactKey: Guid(3408ca7ca5a2e4e43ad819170cdff141) Importer(815301076,1909f56bfc062723c751e8b465ee728b)
Start importing Assets/Pixel Monster Pack/64x64 monsters/scorpion-white.png using Guid(3408ca7ca5a2e4e43ad819170cdff141) Importer(815301076,1909f56bfc062723c751e8b465ee728b)  -> (artifact id: 'fa7b860b205e24ba5aa05d64aca94410') in 0.026708 seconds 
========================================================================
Received Import Request.
  Time since last request: 0.000029 seconds.
  path: Assets/2D Destructible Objects/Assets/Objects/Vases/Single Sprites/Shard_Edge_0002.png
  artifactKey: Guid(831df548b4b111d449450bf64f282a37) Importer(815301076,1909f56bfc062723c751e8b465ee728b)
Start importing Assets/2D Destructible Objects/Assets/Objects/Vases/Single Sprites/Shard_Edge_0002.png using Guid(831df548b4b111d449450bf64f282a37) Importer(815301076,1909f56bfc062723c751e8b465ee728b)  -> (artifact id: '78fe81a56dd34ae4acadb88baf3d8c6b') in 0.037485 seconds 
========================================================================
Received Import Request.
  Time since last request: 0.000024 seconds.
  path: Assets/2D Destructible Objects/Assets/Clown/Sprites/Single Sprites/IDLE_Clown_0030.png
  artifactKey: Guid(3b67fcc0dbd2c8d418561414256875ad) Importer(815301076,1909f56bfc062723c751e8b465ee728b)
Start importing Assets/2D Destructible Objects/Assets/Clown/Sprites/Single Sprites/IDLE_Clown_0030.png using Guid(3b67fcc0dbd2c8d418561414256875ad) Importer(815301076,1909f56bfc062723c751e8b465ee728b)  -> (artifact id: 'fc02e45417e1ddba42bc93251f5223df') in 0.033882 seconds 
========================================================================
Received Import Request.
  Time since last request: 0.000080 seconds.
  path: Assets/2D Destructible Objects/Assets/Clown/Sprites/Single Sprites/IDLE_Clown_0050.png
  artifactKey: Guid(00da2838e1c82c24fb9f0c55f74db5a5) Importer(815301076,1909f56bfc062723c751e8b465ee728b)
Start importing Assets/2D Destructible Objects/Assets/Clown/Sprites/Single Sprites/IDLE_Clown_0050.png using Guid(00da2838e1c82c24fb9f0c55f74db5a5) Importer(815301076,1909f56bfc062723c751e8b465ee728b)  -> (artifact id: 'ae0a8dab90199725bf1f040520cd5554') in 0.038089 seconds 
========================================================================
Received Import Request.
  Time since last request: 0.000023 seconds.
  path: Assets/2D Destructible Objects/Assets/Clown/Sprites/Single Sprites/IDLE_Clown_0100.png
  artifactKey: Guid(f7158cc4048785347912f1f602f75d5f) Importer(815301076,1909f56bfc062723c751e8b465ee728b)
Start importing Assets/2D Destructible Objects/Assets/Clown/Sprites/Single Sprites/IDLE_Clown_0100.png using Guid(f7158cc4048785347912f1f602f75d5f) Importer(815301076,1909f56bfc062723c751e8b465ee728b)  -> (artifact id: '959905e6873a604d198b20cfd3842aa0') in 0.035721 seconds 
========================================================================
Received Import Request.
  Time since last request: 0.000021 seconds.
  path: Assets/2D Destructible Objects/Assets/Clown/Sprites/Single Sprites/IDLE_Clown_0090.png
  artifactKey: Guid(619d74dca6b4a864e90bf8f841e69567) Importer(815301076,1909f56bfc062723c751e8b465ee728b)
Start importing Assets/2D Destructible Objects/Assets/Clown/Sprites/Single Sprites/IDLE_Clown_0090.png using Guid(619d74dca6b4a864e90bf8f841e69567) Importer(815301076,1909f56bfc062723c751e8b465ee728b)  -> (artifact id: '4bb17bc8ded493728fc49099002c893b') in 0.029764 seconds 
========================================================================
Received Import Request.
  Time since last request: 0.386232 seconds.
  path: Assets/Pixel Monster Pack/32x32 monsters/cerberus-green.png
  artifactKey: Guid(bc2749f6e5a54a84cb59b4c89cabc01c) Importer(815301076,1909f56bfc062723c751e8b465ee728b)
Start importing Assets/Pixel Monster Pack/32x32 monsters/cerberus-green.png using Guid(bc2749f6e5a54a84cb59b4c89cabc01c) Importer(815301076,1909f56bfc062723c751e8b465ee728b)  -> (artifact id: 'f94396a586232f9b98d1c99f34993b63') in 0.024044 seconds 
========================================================================
Received Import Request.
  Time since last request: 0.000029 seconds.
  path: Assets/2D Destructible Objects/Assets/Clown/Sprites/Single Sprites/IDLE_Clown_0200.png
  artifactKey: Guid(a3d0cd85ac16eb04c8d82cf7b2ac0871) Importer(815301076,1909f56bfc062723c751e8b465ee728b)
Start importing Assets/2D Destructible Objects/Assets/Clown/Sprites/Single Sprites/IDLE_Clown_0200.png using Guid(a3d0cd85ac16eb04c8d82cf7b2ac0871) Importer(815301076,1909f56bfc062723c751e8b465ee728b)  -> (artifact id: 'd5ee03f09ac7884c36c7bd5f735e4ada') in 0.040466 seconds 
========================================================================
Received Import Request.
  Time since last request: 0.000054 seconds.
  path: Assets/2D Destructible Objects/Assets/Clown/Sprites/Single Sprites/IDLE_Clown_0220.png
  artifactKey: Guid(947c01b9d4c28bc44979077abebd69d7) Importer(815301076,1909f56bfc062723c751e8b465ee728b)
Start importing Assets/2D Destructible Objects/Assets/Clown/Sprites/Single Sprites/IDLE_Clown_0220.png using Guid(947c01b9d4c28bc44979077abebd69d7) Importer(815301076,1909f56bfc062723c751e8b465ee728b)  -> (artifact id: 'ed73b8e8fde7b6689fbd3b4377acfd67') in 0.034849 seconds 
========================================================================
Received Import Request.
  Time since last request: 0.000033 seconds.
  path: Assets/2D Destructible Objects/Assets/Clown/Sprites/Single Sprites/IDLE_Clown_0210.png
  artifactKey: Guid(d4d48211482fd4f478bd967cb613a38e) Importer(815301076,1909f56bfc062723c751e8b465ee728b)
Start importing Assets/2D Destructible Objects/Assets/Clown/Sprites/Single Sprites/IDLE_Clown_0210.png using Guid(d4d48211482fd4f478bd967cb613a38e) Importer(815301076,1909f56bfc062723c751e8b465ee728b)  -> (artifact id: 'cb04f632738231ba15dfc183a4a71784') in 0.032175 seconds 
========================================================================
Received Import Request.
  Time since last request: 0.000021 seconds.
  path: Assets/2D Destructible Objects/Assets/Clown/Sprites/Single Sprites/IDLE_Clown_0190.png
  artifactKey: Guid(e78715c69e5dc3b4aaf7f7df8bba2af8) Importer(815301076,1909f56bfc062723c751e8b465ee728b)
Start importing Assets/2D Destructible Objects/Assets/Clown/Sprites/Single Sprites/IDLE_Clown_0190.png using Guid(e78715c69e5dc3b4aaf7f7df8bba2af8) Importer(815301076,1909f56bfc062723c751e8b465ee728b)  -> (artifact id: '1c63b74bb9e3319e2c1d158ff8f9379f') in 0.033062 seconds 
========================================================================
Received Import Request.
  Time since last request: 18.478110 seconds.
  path: Assets/Pixel Monster Pack/32x32 monsters/boneworm-blue.png
  artifactKey: Guid(283b986b48549674ab2c6128d296ecaa) Importer(815301076,1909f56bfc062723c751e8b465ee728b)
Start importing Assets/Pixel Monster Pack/32x32 monsters/boneworm-blue.png using Guid(283b986b48549674ab2c6128d296ecaa) Importer(815301076,1909f56bfc062723c751e8b465ee728b)  -> (artifact id: '86ae2b57f1541b1bbed2c47cdc23ef3c') in 0.017854 seconds 
Editor requested this worker to shutdown with reason: Scaling down because of idle timeout
AssetImportWorker is now disconnected from the server
Process exiting
Exiting without the bug reporter. Application will terminate with return code 0